Linked: (/home/xingxun/uav_control/devel/.private/ego_planner/share/ego_planer/cmake/ego_planer-msg-paths.cmake, /home/xingxun/uav_control/devel/share/ego_planer/cmake/ego_planer-msg-paths.cmake)
Linked: (/home/xingxun/uav_control/devel/.private/ego_planner/share/common-lisp/ros/ego_planner/msg/_package_MultiBsplines.lisp, /home/xingxun/uav_control/devel/share/common-lisp/ros/ego_planner/msg/_package_MultiBsplines.lisp)
Linked: (/home/xingxun/uav_control/devel/.private/ego_planner/share/common-lisp/ros/ego_planner/msg/_package_Bspline.lisp, /home/xingxun/uav_control/devel/share/common-lisp/ros/ego_planner/msg/_package_Bspline.lisp)
Linked: (/home/xingxun/uav_control/devel/.private/ego_planner/share/common-lisp/ros/ego_planner/msg/_package_DataDisp.lisp, /home/xingxun/uav_control/devel/share/common-lisp/ros/ego_planner/msg/_package_DataDisp.lisp)
Linked: (/home/xingxun/uav_control/devel/.private/ego_planner/share/common-lisp/ros/ego_planner/msg/Bspline.lisp, /home/xingxun/uav_control/devel/share/common-lisp/ros/ego_planner/msg/Bspline.lisp)
Linked: (/home/xingxun/uav_control/devel/.private/ego_planner/share/common-lisp/ros/ego_planner/msg/_package.lisp, /home/xingxun/uav_control/devel/share/common-lisp/ros/ego_planner/msg/_package.lisp)
Linked: (/home/xingxun/uav_control/devel/.private/ego_planner/share/common-lisp/ros/ego_planner/msg/ego_planner-msg.asd, /home/xingxun/uav_control/devel/share/common-lisp/ros/ego_planner/msg/ego_planner-msg.asd)
Linked: (/home/xingxun/uav_control/devel/.private/ego_planner/share/common-lisp/ros/ego_planner/msg/DataDisp.lisp, /home/xingxun/uav_control/devel/share/common-lisp/ros/ego_planner/msg/DataDisp.lisp)
Linked: (/home/xingxun/uav_control/devel/.private/ego_planner/share/common-lisp/ros/ego_planner/msg/MultiBsplines.lisp, /home/xingxun/uav_control/devel/share/common-lisp/ros/ego_planner/msg/MultiBsplines.lisp)
Linked: (/home/xingxun/uav_control/devel/.private/ego_planner/share/roseus/ros/ego_planner/manifest.l, /home/xingxun/uav_control/devel/share/roseus/ros/ego_planner/manifest.l)
Linked: (/home/xingxun/uav_control/devel/.private/ego_planner/share/roseus/ros/ego_planner/msg/DataDisp.l, /home/xingxun/uav_control/devel/share/roseus/ros/ego_planner/msg/DataDisp.l)
Linked: (/home/xingxun/uav_control/devel/.private/ego_planner/share/roseus/ros/ego_planner/msg/MultiBsplines.l, /home/xingxun/uav_control/devel/share/roseus/ros/ego_planner/msg/MultiBsplines.l)
Linked: (/home/xingxun/uav_control/devel/.private/ego_planner/share/roseus/ros/ego_planner/msg/Bspline.l, /home/xingxun/uav_control/devel/share/roseus/ros/ego_planner/msg/Bspline.l)
Symlinking /home/xingxun/uav_control/devel/share/traj_utils/cmake/traj_utils-msg-paths.cmake
Linked: (/home/xingxun/uav_control/devel/.private/ego_planner/share/ego_planner/cmake/ego_plannerConfig-version.cmake, /home/xingxun/uav_control/devel/share/ego_planner/cmake/ego_plannerConfig-version.cmake)
Linked: (/home/xingxun/uav_control/devel/.private/ego_planner/share/ego_planner/cmake/ego_planner-msg-extras.cmake, /home/xingxun/uav_control/devel/share/ego_planner/cmake/ego_planner-msg-extras.cmake)
Linked: (/home/xingxun/uav_control/devel/.private/ego_planner/share/ego_planner/cmake/ego_planner-msg-paths.cmake, /home/xingxun/uav_control/devel/share/ego_planner/cmake/ego_planner-msg-paths.cmake)
Linked: (/home/xingxun/uav_control/devel/.private/ego_planner/share/ego_planner/cmake/ego_plannerConfig.cmake, /home/xingxun/uav_control/devel/share/ego_planner/cmake/ego_plannerConfig.cmake)
Linked: (/home/xingxun/uav_control/devel/.private/ego_planner/share/gennodejs/ros/ego_planner/_index.js, /home/xingxun/uav_control/devel/share/gennodejs/ros/ego_planner/_index.js)
Linked: (/home/xingxun/uav_control/devel/.private/ego_planner/share/gennodejs/ros/ego_planner/msg/Bspline.js, /home/xingxun/uav_control/devel/share/gennodejs/ros/ego_planner/msg/Bspline.js)
Linked: (/home/xingxun/uav_control/devel/.private/ego_planner/share/gennodejs/ros/ego_planner/msg/DataDisp.js, /home/xingxun/uav_control/devel/share/gennodejs/ros/ego_planner/msg/DataDisp.js)
Linked: (/home/xingxun/uav_control/devel/.private/ego_planner/share/gennodejs/ros/ego_planner/msg/_index.js, /home/xingxun/uav_control/devel/share/gennodejs/ros/ego_planner/msg/_index.js)
Linked: (/home/xingxun/uav_control/devel/.private/ego_planner/share/gennodejs/ros/ego_planner/msg/MultiBsplines.js, /home/xingxun/uav_control/devel/share/gennodejs/ros/ego_planner/msg/MultiBsplines.js)
Symlinking /home/xingxun/uav_control/devel/lib/libtraj_utils.so
Linked: (/home/xingxun/uav_control/devel/.private/ego_planner/lib/libego_planner.so, /home/xingxun/uav_control/devel/lib/libego_planner.so)
Linked: (/home/xingxun/uav_control/devel/.private/ego_planner/lib/pkgconfig/ego_planner.pc, /home/xingxun/uav_control/devel/lib/pkgconfig/ego_planner.pc)
Linked: (/home/xingxun/uav_control/devel/.private/ego_planner/lib/python3/dist-packages/ego_planer/__init__.py, /home/xingxun/uav_control/devel/lib/python3/dist-packages/ego_planer/__init__.py)
Symlinking /home/xingxun/uav_control/devel/lib/python3/dist-packages/traj_utils/__init__.py
Linked: (/home/xingxun/uav_control/devel/.private/ego_planner/lib/python3/dist-packages/ego_planner/__init__.py, /home/xingxun/uav_control/devel/lib/python3/dist-packages/ego_planner/__init__.py)
Linked: (/home/xingxun/uav_control/devel/.private/ego_planner/lib/python3/dist-packages/ego_planner/msg/_Bspline.py, /home/xingxun/uav_control/devel/lib/python3/dist-packages/ego_planner/msg/_Bspline.py)
Linked: (/home/xingxun/uav_control/devel/.private/ego_planner/lib/python3/dist-packages/ego_planner/msg/__init__.py, /home/xingxun/uav_control/devel/lib/python3/dist-packages/ego_planner/msg/__init__.py)
Linked: (/home/xingxun/uav_control/devel/.private/ego_planner/lib/python3/dist-packages/ego_planner/msg/_MultiBsplines.py, /home/xingxun/uav_control/devel/lib/python3/dist-packages/ego_planner/msg/_MultiBsplines.py)
Linked: (/home/xingxun/uav_control/devel/.private/ego_planner/lib/python3/dist-packages/ego_planner/msg/_DataDisp.py, /home/xingxun/uav_control/devel/lib/python3/dist-packages/ego_planner/msg/_DataDisp.py)
Symlinking /home/xingxun/uav_control/devel/include/ego_planner/DataDisp.h
Symlinking /home/xingxun/uav_control/devel/include/ego_planner/Bspline.h
Symlinking /home/xingxun/uav_control/devel/include/ego_planner/MultiBsplines.h
