[  0%] Built target std_msgs_generate_messages_py
[  0%] Built target geometry_msgs_generate_messages_py
[  0%] Built target geometry_msgs_generate_messages_cpp
[  0%] Built target std_msgs_generate_messages_cpp
[  0%] Built target std_msgs_generate_messages_lisp
[  0%] Built target geometry_msgs_generate_messages_lisp
[  0%] Built target geometry_msgs_generate_messages_eus
[  0%] Built target std_msgs_generate_messages_eus
[  0%] Built target geometry_msgs_generate_messages_nodejs
[  0%] Built target std_msgs_generate_messages_nodejs
[ 15%] Built target traj_utils
[ 15%] Built target _ego_planner_generate_messages_check_deps_MultiBsplines
[ 15%] Built target _ego_planner_generate_messages_check_deps_DataDisp
[ 15%] Built target _ego_planner_generate_messages_check_deps_Bspline
[ 35%] Built target ego_planner_generate_messages_py
[ 50%] Built target ego_planner_generate_messages_cpp
[ 70%] Built target ego_planner_generate_messages_eus
[ 85%] Built target ego_planner_generate_messages_lisp
[100%] Built target ego_planner_generate_messages_nodejs
[100%] Built target ego_planner_generate_messages
