Symlinking /home/xingxun/uav_control/devel/share/ego_planer/cmake/ego_planer-msg-paths.cmake
Symlinking /home/xingxun/uav_control/devel/share/common-lisp/ros/ego_planner/msg/_package_MultiBsplines.lisp
Symlinking /home/xingxun/uav_control/devel/share/common-lisp/ros/ego_planner/msg/_package_Bspline.lisp
Symlinking /home/xingxun/uav_control/devel/share/common-lisp/ros/ego_planner/msg/_package_DataDisp.lisp
Symlinking /home/xingxun/uav_control/devel/share/common-lisp/ros/ego_planner/msg/Bspline.lisp
Symlinking /home/xingxun/uav_control/devel/share/common-lisp/ros/ego_planner/msg/_package.lisp
Symlinking /home/xingxun/uav_control/devel/share/common-lisp/ros/ego_planner/msg/ego_planner-msg.asd
Symlinking /home/xingxun/uav_control/devel/share/common-lisp/ros/ego_planner/msg/DataDisp.lisp
Symlinking /home/xingxun/uav_control/devel/share/common-lisp/ros/ego_planner/msg/MultiBsplines.lisp
Symlinking /home/xingxun/uav_control/devel/share/roseus/ros/ego_planner/manifest.l
Symlinking /home/xingxun/uav_control/devel/share/roseus/ros/ego_planner/msg/DataDisp.l
Symlinking /home/xingxun/uav_control/devel/share/roseus/ros/ego_planner/msg/MultiBsplines.l
Symlinking /home/xingxun/uav_control/devel/share/roseus/ros/ego_planner/msg/Bspline.l
Symlinking /home/xingxun/uav_control/devel/share/ego_planner/cmake/ego_plannerConfig-version.cmake
Symlinking /home/xingxun/uav_control/devel/share/ego_planner/cmake/ego_planner-msg-extras.cmake
Symlinking /home/xingxun/uav_control/devel/share/ego_planner/cmake/ego_planner-msg-paths.cmake
Symlinking /home/xingxun/uav_control/devel/share/ego_planner/cmake/ego_plannerConfig.cmake
Symlinking /home/xingxun/uav_control/devel/share/gennodejs/ros/ego_planner/_index.js
Symlinking /home/xingxun/uav_control/devel/share/gennodejs/ros/ego_planner/msg/Bspline.js
Symlinking /home/xingxun/uav_control/devel/share/gennodejs/ros/ego_planner/msg/DataDisp.js
Symlinking /home/xingxun/uav_control/devel/share/gennodejs/ros/ego_planner/msg/_index.js
Symlinking /home/xingxun/uav_control/devel/share/gennodejs/ros/ego_planner/msg/MultiBsplines.js
Symlinking /home/xingxun/uav_control/devel/lib/libego_planner.so
Symlinking /home/xingxun/uav_control/devel/lib/pkgconfig/ego_planner.pc
Symlinking /home/xingxun/uav_control/devel/lib/python3/dist-packages/ego_planer/__init__.py
Symlinking /home/xingxun/uav_control/devel/lib/python3/dist-packages/ego_planner/__init__.py
Symlinking /home/xingxun/uav_control/devel/lib/python3/dist-packages/ego_planner/msg/_Bspline.py
Symlinking /home/xingxun/uav_control/devel/lib/python3/dist-packages/ego_planner/msg/__init__.py
Symlinking /home/xingxun/uav_control/devel/lib/python3/dist-packages/ego_planner/msg/_MultiBsplines.py
Symlinking /home/xingxun/uav_control/devel/lib/python3/dist-packages/ego_planner/msg/_DataDisp.py
Symlinking /home/xingxun/uav_control/devel/include/ego_planner/DataDisp.h
Symlinking /home/xingxun/uav_control/devel/include/ego_planner/Bspline.h
Symlinking /home/xingxun/uav_control/devel/include/ego_planner/MultiBsplines.h
