[  0%] Built target std_msgs_generate_messages_cpp
[  0%] Built target std_msgs_generate_messages_eus
[  0%] Built target geometry_msgs_generate_messages_py
[  0%] Built target std_msgs_generate_messages_py
[  0%] Built target geometry_msgs_generate_messages_cpp
[  0%] Built target geometry_msgs_generate_messages_eus
[  0%] Built target std_msgs_generate_messages_lisp
[  0%] Built target geometry_msgs_generate_messages_lisp
[ 10%] [32mBuilding CXX object CMakeFiles/traj_utils.dir/src/planning_visualization.cpp.o[0m
[ 10%] Built target std_msgs_generate_messages_nodejs
[ 10%] [32mBuilding CXX object CMakeFiles/traj_utils.dir/src/polynomial_traj.cpp.o[0m
[ 10%] Built target geometry_msgs_generate_messages_nodejs
[ 10%] Built target _ego_planner_generate_messages_check_deps_DataDisp
[ 10%] Built target _ego_planner_generate_messages_check_deps_MultiBsplines
[ 10%] Built target _ego_planner_generate_messages_check_deps_Bspline
[ 15%] [34m[1mGenerating Python from MSG ego_planner/Bspline[0m
[ 40%] [34m[1mGenerating Python from MSG ego_planner/MultiBsplines[0m
[ 40%] [34m[1mGenerating Python from MSG ego_planner/DataDisp[0m
[ 40%] [34m[1mGenerating EusLisp code from ego_planner/Bspline.msg[0m
[ 40%] [34m[1mGenerating C++ code from ego_planner/Bspline.msg[0m
[ 40%] [34m[1mGenerating EusLisp code from ego_planner/DataDisp.msg[0m
[ 45%] [34m[1mGenerating EusLisp code from ego_planner/MultiBsplines.msg[0m
[ 55%] [34m[1mGenerating C++ code from ego_planner/DataDisp.msg[0m
[ 55%] [34m[1mGenerating Lisp code from ego_planner/Bspline.msg[0m
[ 60%] [34m[1mGenerating C++ code from ego_planner/MultiBsplines.msg[0m
[ 65%] [34m[1mGenerating EusLisp manifest code for ego_planner[0m
[ 75%] [34m[1mGenerating Javascript code from ego_planner/Bspline.msg[0m
[ 80%] [34m[1mGenerating Lisp code from ego_planner/DataDisp.msg[0m
[ 80%] [34m[1mGenerating Javascript code from ego_planner/DataDisp.msg[0m
[ 85%] [34m[1mGenerating Javascript code from ego_planner/MultiBsplines.msg[0m
[ 90%] [34m[1mGenerating Lisp code from ego_planner/MultiBsplines.msg[0m
[ 90%] Built target ego_planner_generate_messages_lisp
[ 90%] Built target ego_planner_generate_messages_nodejs
[ 90%] Built target ego_planner_generate_messages_cpp
[ 95%] [34m[1mGenerating Python msg __init__.py for ego_planner[0m
[ 95%] Built target ego_planner_generate_messages_py
[ 95%] Built target ego_planner_generate_messages_eus
[ 95%] Built target ego_planner_generate_messages
[01m[K/home/xingxun/uav_control/src/ego_planner/src/planning_visualization.cpp:[m[K In member function ‘[01m[Kvoid ego_planner::PlanningVisualization::displayMultiInitPathList(std::vector<std::vector<Eigen::Matrix<double, 3, 1> > >, double)[m[K’:
[01m[K/home/xingxun/uav_control/src/ego_planner/src/planning_visualization.cpp:186:23:[m[K [01;35m[Kwarning: [m[Kcomparison of integer expressions of different signedness: ‘[01m[Kint[m[K’ and ‘[01m[Kstd::vector<std::vector<Eigen::Matrix<double, 3, 1> > >::size_type[m[K’ {aka ‘[01m[Klong unsigned int[m[K’} [[01;35m[K-Wsign-compare[m[K]
  186 |     for ( int id=0; [01;35m[Kid<init_trajs.size()[m[K; id++ )
      |                     [01;35m[K~~^~~~~~~~~~~~~~~~~~[m[K
[100%] [32m[1mLinking CXX shared library /home/xingxun/uav_control/devel/.private/ego_planner/lib/libtraj_utils.so[0m
[100%] Built target traj_utils
