CMake Warning (dev) at CMakeLists.txt:2 (project):
  Policy CMP0048 is not set: project() command manages VERSION variables.
  Run "cmake --help-policy CMP0048" for policy details.  Use the cmake_policy
  command to set the policy and suppress this warning.

  The following variable(s) would be set to empty:

    CMAKE_PROJECT_VERSION
    CMAKE_PROJECT_VERSION_MAJOR
    CMAKE_PROJECT_VERSION_MINOR
    CMAKE_PROJECT_VERSION_PATCH
This warning is for project developers.  Use -Wno-dev to suppress it.

** WARNING ** io features related to pcap will be disabled
** WARNING ** io features related to png will be disabled
** WARNING ** io features related to libusb-1.0 will be disabled
[31m[1mCMake Error[0m at /opt/ros/noetic/share/catkin/cmake/catkin_package_xml.cmake:54 (message):
  catkin_package_xml() package name 'ego_planner' in
  '/home/xingxun/uav_control/src/ego_planner/package.xml' does not match
  current PROJECT_NAME 'traj_utils'.  You must call project() with the same
  package name before.
[36mCall Stack (most recent call first):[0m
  /opt/ros/noetic/share/catkin/cmake/catkin_package.cmake:99 (catkin_package_xml)
  CMakeLists.txt:36 (catkin_package)


make: *** [Makefile:870: cmake_check_build_system] Error 1
