Symlinking /home/xingxun/uav_control/devel/share/common-lisp/ros/quadrotor_msgs/msg/_package_TRPYCommand.lisp
Symlinking /home/xingxun/uav_control/devel/share/common-lisp/ros/quadrotor_msgs/msg/_package_Bspline.lisp
Symlinking /home/xingxun/uav_control/devel/share/common-lisp/ros/quadrotor_msgs/msg/SwarmOdometry.lisp
Symlinking /home/xingxun/uav_control/devel/share/common-lisp/ros/quadrotor_msgs/msg/_package_Serial.lisp
Symlinking /home/xingxun/uav_control/devel/share/common-lisp/ros/quadrotor_msgs/msg/SwarmCommand.lisp
Symlinking /home/xingxun/uav_control/devel/share/common-lisp/ros/quadrotor_msgs/msg/Gains.lisp
Symlinking /home/xingxun/uav_control/devel/share/common-lisp/ros/quadrotor_msgs/msg/PositionCommand.lisp
Symlinking /home/xingxun/uav_control/devel/share/common-lisp/ros/quadrotor_msgs/msg/TrajectoryMatrix.lisp
Symlinking /home/xingxun/uav_control/devel/share/common-lisp/ros/quadrotor_msgs/msg/_package_Replan.lisp
Symlinking /home/xingxun/uav_control/devel/share/common-lisp/ros/quadrotor_msgs/msg/_package_TakeoffLand.lisp
Symlinking /home/xingxun/uav_control/devel/share/common-lisp/ros/quadrotor_msgs/msg/AuxCommand.lisp
Symlinking /home/xingxun/uav_control/devel/share/common-lisp/ros/quadrotor_msgs/msg/_package_OptimalTimeAllocator.lisp
Symlinking /home/xingxun/uav_control/devel/share/common-lisp/ros/quadrotor_msgs/msg/_package_AuxCommand.lisp
Symlinking /home/xingxun/uav_control/devel/share/common-lisp/ros/quadrotor_msgs/msg/_package_SwarmCommand.lisp
Symlinking /home/xingxun/uav_control/devel/share/common-lisp/ros/quadrotor_msgs/msg/_package_PolynomialTrajectory.lisp
Symlinking /home/xingxun/uav_control/devel/share/common-lisp/ros/quadrotor_msgs/msg/ReplanCheck.lisp
Symlinking /home/xingxun/uav_control/devel/share/common-lisp/ros/quadrotor_msgs/msg/Corrections.lisp
Symlinking /home/xingxun/uav_control/devel/share/common-lisp/ros/quadrotor_msgs/msg/Serial.lisp
Symlinking /home/xingxun/uav_control/devel/share/common-lisp/ros/quadrotor_msgs/msg/_package_Gains.lisp
Symlinking /home/xingxun/uav_control/devel/share/common-lisp/ros/quadrotor_msgs/msg/_package_SpatialTemporalTrajectory.lisp
Symlinking /home/xingxun/uav_control/devel/share/common-lisp/ros/quadrotor_msgs/msg/Bspline.lisp
Symlinking /home/xingxun/uav_control/devel/share/common-lisp/ros/quadrotor_msgs/msg/_package.lisp
Symlinking /home/xingxun/uav_control/devel/share/common-lisp/ros/quadrotor_msgs/msg/_package_SwarmOdometry.lisp
Symlinking /home/xingxun/uav_control/devel/share/common-lisp/ros/quadrotor_msgs/msg/_package_Px4ctrlDebug.lisp
Symlinking /home/xingxun/uav_control/devel/share/common-lisp/ros/quadrotor_msgs/msg/TakeoffLand.lisp
Symlinking /home/xingxun/uav_control/devel/share/common-lisp/ros/quadrotor_msgs/msg/OptimalTimeAllocator.lisp
Symlinking /home/xingxun/uav_control/devel/share/common-lisp/ros/quadrotor_msgs/msg/_package_OutputData.lisp
Symlinking /home/xingxun/uav_control/devel/share/common-lisp/ros/quadrotor_msgs/msg/quadrotor_msgs-msg.asd
Symlinking /home/xingxun/uav_control/devel/share/common-lisp/ros/quadrotor_msgs/msg/SO3Command.lisp
Symlinking /home/xingxun/uav_control/devel/share/common-lisp/ros/quadrotor_msgs/msg/SpatialTemporalTrajectory.lisp
Symlinking /home/xingxun/uav_control/devel/share/common-lisp/ros/quadrotor_msgs/msg/_package_StatusData.lisp
Symlinking /home/xingxun/uav_control/devel/share/common-lisp/ros/quadrotor_msgs/msg/StatusData.lisp
Symlinking /home/xingxun/uav_control/devel/share/common-lisp/ros/quadrotor_msgs/msg/Odometry.lisp
Symlinking /home/xingxun/uav_control/devel/share/common-lisp/ros/quadrotor_msgs/msg/GoalSet.lisp
Symlinking /home/xingxun/uav_control/devel/share/common-lisp/ros/quadrotor_msgs/msg/_package_SwarmInfo.lisp
Symlinking /home/xingxun/uav_control/devel/share/common-lisp/ros/quadrotor_msgs/msg/TRPYCommand.lisp
Symlinking /home/xingxun/uav_control/devel/share/common-lisp/ros/quadrotor_msgs/msg/SwarmInfo.lisp
Symlinking /home/xingxun/uav_control/devel/share/common-lisp/ros/quadrotor_msgs/msg/_package_PositionCommand.lisp
Symlinking /home/xingxun/uav_control/devel/share/common-lisp/ros/quadrotor_msgs/msg/PPROutputData.lisp
Symlinking /home/xingxun/uav_control/devel/share/common-lisp/ros/quadrotor_msgs/msg/_package_GoalSet.lisp
Symlinking /home/xingxun/uav_control/devel/share/common-lisp/ros/quadrotor_msgs/msg/_package_Odometry.lisp
Symlinking /home/xingxun/uav_control/devel/share/common-lisp/ros/quadrotor_msgs/msg/PolynomialTrajectory.lisp
Symlinking /home/xingxun/uav_control/devel/share/common-lisp/ros/quadrotor_msgs/msg/Replan.lisp
Symlinking /home/xingxun/uav_control/devel/share/common-lisp/ros/quadrotor_msgs/msg/_package_Corrections.lisp
Symlinking /home/xingxun/uav_control/devel/share/common-lisp/ros/quadrotor_msgs/msg/Px4ctrlDebug.lisp
Symlinking /home/xingxun/uav_control/devel/share/common-lisp/ros/quadrotor_msgs/msg/_package_SO3Command.lisp
Symlinking /home/xingxun/uav_control/devel/share/common-lisp/ros/quadrotor_msgs/msg/_package_TrajectoryMatrix.lisp
Symlinking /home/xingxun/uav_control/devel/share/common-lisp/ros/quadrotor_msgs/msg/_package_PPROutputData.lisp
Symlinking /home/xingxun/uav_control/devel/share/common-lisp/ros/quadrotor_msgs/msg/OutputData.lisp
Symlinking /home/xingxun/uav_control/devel/share/common-lisp/ros/quadrotor_msgs/msg/_package_ReplanCheck.lisp
Symlinking /home/xingxun/uav_control/devel/share/roseus/ros/quadrotor_msgs/manifest.l
Symlinking /home/xingxun/uav_control/devel/share/roseus/ros/quadrotor_msgs/msg/PositionCommand.l
Symlinking /home/xingxun/uav_control/devel/share/roseus/ros/quadrotor_msgs/msg/TakeoffLand.l
Symlinking /home/xingxun/uav_control/devel/share/roseus/ros/quadrotor_msgs/msg/Px4ctrlDebug.l
Symlinking /home/xingxun/uav_control/devel/share/roseus/ros/quadrotor_msgs/msg/TrajectoryMatrix.l
Symlinking /home/xingxun/uav_control/devel/share/roseus/ros/quadrotor_msgs/msg/PolynomialTrajectory.l
Symlinking /home/xingxun/uav_control/devel/share/roseus/ros/quadrotor_msgs/msg/PPROutputData.l
Symlinking /home/xingxun/uav_control/devel/share/roseus/ros/quadrotor_msgs/msg/SpatialTemporalTrajectory.l
Symlinking /home/xingxun/uav_control/devel/share/roseus/ros/quadrotor_msgs/msg/Gains.l
Symlinking /home/xingxun/uav_control/devel/share/roseus/ros/quadrotor_msgs/msg/TRPYCommand.l
Symlinking /home/xingxun/uav_control/devel/share/roseus/ros/quadrotor_msgs/msg/Serial.l
Symlinking /home/xingxun/uav_control/devel/share/roseus/ros/quadrotor_msgs/msg/OptimalTimeAllocator.l
Symlinking /home/xingxun/uav_control/devel/share/roseus/ros/quadrotor_msgs/msg/SwarmOdometry.l
Symlinking /home/xingxun/uav_control/devel/share/roseus/ros/quadrotor_msgs/msg/GoalSet.l
Symlinking /home/xingxun/uav_control/devel/share/roseus/ros/quadrotor_msgs/msg/Odometry.l
Symlinking /home/xingxun/uav_control/devel/share/roseus/ros/quadrotor_msgs/msg/Corrections.l
Symlinking /home/xingxun/uav_control/devel/share/roseus/ros/quadrotor_msgs/msg/SwarmCommand.l
Symlinking /home/xingxun/uav_control/devel/share/roseus/ros/quadrotor_msgs/msg/SO3Command.l
Symlinking /home/xingxun/uav_control/devel/share/roseus/ros/quadrotor_msgs/msg/SwarmInfo.l
Symlinking /home/xingxun/uav_control/devel/share/roseus/ros/quadrotor_msgs/msg/Bspline.l
Symlinking /home/xingxun/uav_control/devel/share/roseus/ros/quadrotor_msgs/msg/ReplanCheck.l
Symlinking /home/xingxun/uav_control/devel/share/roseus/ros/quadrotor_msgs/msg/Replan.l
Symlinking /home/xingxun/uav_control/devel/share/roseus/ros/quadrotor_msgs/msg/StatusData.l
Symlinking /home/xingxun/uav_control/devel/share/roseus/ros/quadrotor_msgs/msg/OutputData.l
Symlinking /home/xingxun/uav_control/devel/share/roseus/ros/quadrotor_msgs/msg/AuxCommand.l
Symlinking /home/xingxun/uav_control/devel/share/gennodejs/ros/quadrotor_msgs/_index.js
Symlinking /home/xingxun/uav_control/devel/share/gennodejs/ros/quadrotor_msgs/msg/Replan.js
Symlinking /home/xingxun/uav_control/devel/share/gennodejs/ros/quadrotor_msgs/msg/Gains.js
Symlinking /home/xingxun/uav_control/devel/share/gennodejs/ros/quadrotor_msgs/msg/TRPYCommand.js
Symlinking /home/xingxun/uav_control/devel/share/gennodejs/ros/quadrotor_msgs/msg/SwarmInfo.js
Symlinking /home/xingxun/uav_control/devel/share/gennodejs/ros/quadrotor_msgs/msg/Bspline.js
Symlinking /home/xingxun/uav_control/devel/share/gennodejs/ros/quadrotor_msgs/msg/GoalSet.js
Symlinking /home/xingxun/uav_control/devel/share/gennodejs/ros/quadrotor_msgs/msg/OutputData.js
Symlinking /home/xingxun/uav_control/devel/share/gennodejs/ros/quadrotor_msgs/msg/SpatialTemporalTrajectory.js
Symlinking /home/xingxun/uav_control/devel/share/gennodejs/ros/quadrotor_msgs/msg/StatusData.js
Symlinking /home/xingxun/uav_control/devel/share/gennodejs/ros/quadrotor_msgs/msg/Serial.js
Symlinking /home/xingxun/uav_control/devel/share/gennodejs/ros/quadrotor_msgs/msg/PositionCommand.js
Symlinking /home/xingxun/uav_control/devel/share/gennodejs/ros/quadrotor_msgs/msg/AuxCommand.js
Symlinking /home/xingxun/uav_control/devel/share/gennodejs/ros/quadrotor_msgs/msg/Odometry.js
Symlinking /home/xingxun/uav_control/devel/share/gennodejs/ros/quadrotor_msgs/msg/TakeoffLand.js
Symlinking /home/xingxun/uav_control/devel/share/gennodejs/ros/quadrotor_msgs/msg/SwarmOdometry.js
Symlinking /home/xingxun/uav_control/devel/share/gennodejs/ros/quadrotor_msgs/msg/Px4ctrlDebug.js
Symlinking /home/xingxun/uav_control/devel/share/gennodejs/ros/quadrotor_msgs/msg/PPROutputData.js
Symlinking /home/xingxun/uav_control/devel/share/gennodejs/ros/quadrotor_msgs/msg/SO3Command.js
Symlinking /home/xingxun/uav_control/devel/share/gennodejs/ros/quadrotor_msgs/msg/OptimalTimeAllocator.js
Symlinking /home/xingxun/uav_control/devel/share/gennodejs/ros/quadrotor_msgs/msg/_index.js
Symlinking /home/xingxun/uav_control/devel/share/gennodejs/ros/quadrotor_msgs/msg/SwarmCommand.js
Symlinking /home/xingxun/uav_control/devel/share/gennodejs/ros/quadrotor_msgs/msg/PolynomialTrajectory.js
Symlinking /home/xingxun/uav_control/devel/share/gennodejs/ros/quadrotor_msgs/msg/Corrections.js
Symlinking /home/xingxun/uav_control/devel/share/gennodejs/ros/quadrotor_msgs/msg/ReplanCheck.js
Symlinking /home/xingxun/uav_control/devel/share/gennodejs/ros/quadrotor_msgs/msg/TrajectoryMatrix.js
Symlinking /home/xingxun/uav_control/devel/share/quadrotor_msgs/cmake/quadrotor_msgs-msg-extras.cmake
Symlinking /home/xingxun/uav_control/devel/share/quadrotor_msgs/cmake/quadrotor_msgs-msg-paths.cmake
Symlinking /home/xingxun/uav_control/devel/share/quadrotor_msgs/cmake/quadrotor_msgsConfig-version.cmake
Symlinking /home/xingxun/uav_control/devel/share/quadrotor_msgs/cmake/quadrotor_msgsConfig.cmake
Symlinking /home/xingxun/uav_control/devel/lib/libencode_msgs.so
Symlinking /home/xingxun/uav_control/devel/lib/libdecode_msgs.so
Symlinking /home/xingxun/uav_control/devel/lib/pkgconfig/quadrotor_msgs.pc
Symlinking /home/xingxun/uav_control/devel/lib/python3/dist-packages/quadrotor_msgs/__init__.py
Symlinking /home/xingxun/uav_control/devel/lib/python3/dist-packages/quadrotor_msgs/msg/_StatusData.py
Symlinking /home/xingxun/uav_control/devel/lib/python3/dist-packages/quadrotor_msgs/msg/_SwarmInfo.py
Symlinking /home/xingxun/uav_control/devel/lib/python3/dist-packages/quadrotor_msgs/msg/_Replan.py
Symlinking /home/xingxun/uav_control/devel/lib/python3/dist-packages/quadrotor_msgs/msg/_AuxCommand.py
Symlinking /home/xingxun/uav_control/devel/lib/python3/dist-packages/quadrotor_msgs/msg/_Odometry.py
Symlinking /home/xingxun/uav_control/devel/lib/python3/dist-packages/quadrotor_msgs/msg/_PolynomialTrajectory.py
Symlinking /home/xingxun/uav_control/devel/lib/python3/dist-packages/quadrotor_msgs/msg/_TrajectoryMatrix.py
Symlinking /home/xingxun/uav_control/devel/lib/python3/dist-packages/quadrotor_msgs/msg/_Corrections.py
Symlinking /home/xingxun/uav_control/devel/lib/python3/dist-packages/quadrotor_msgs/msg/_Gains.py
Symlinking /home/xingxun/uav_control/devel/lib/python3/dist-packages/quadrotor_msgs/msg/_Bspline.py
Symlinking /home/xingxun/uav_control/devel/lib/python3/dist-packages/quadrotor_msgs/msg/__init__.py
Symlinking /home/xingxun/uav_control/devel/lib/python3/dist-packages/quadrotor_msgs/msg/_OptimalTimeAllocator.py
Symlinking /home/xingxun/uav_control/devel/lib/python3/dist-packages/quadrotor_msgs/msg/_SpatialTemporalTrajectory.py
Symlinking /home/xingxun/uav_control/devel/lib/python3/dist-packages/quadrotor_msgs/msg/_TRPYCommand.py
Symlinking /home/xingxun/uav_control/devel/lib/python3/dist-packages/quadrotor_msgs/msg/_SO3Command.py
Symlinking /home/xingxun/uav_control/devel/lib/python3/dist-packages/quadrotor_msgs/msg/_PPROutputData.py
Symlinking /home/xingxun/uav_control/devel/lib/python3/dist-packages/quadrotor_msgs/msg/_SwarmOdometry.py
Symlinking /home/xingxun/uav_control/devel/lib/python3/dist-packages/quadrotor_msgs/msg/_OutputData.py
Symlinking /home/xingxun/uav_control/devel/lib/python3/dist-packages/quadrotor_msgs/msg/_Px4ctrlDebug.py
Symlinking /home/xingxun/uav_control/devel/lib/python3/dist-packages/quadrotor_msgs/msg/_ReplanCheck.py
Symlinking /home/xingxun/uav_control/devel/lib/python3/dist-packages/quadrotor_msgs/msg/_Serial.py
Symlinking /home/xingxun/uav_control/devel/lib/python3/dist-packages/quadrotor_msgs/msg/_GoalSet.py
Symlinking /home/xingxun/uav_control/devel/lib/python3/dist-packages/quadrotor_msgs/msg/_TakeoffLand.py
Symlinking /home/xingxun/uav_control/devel/lib/python3/dist-packages/quadrotor_msgs/msg/_PositionCommand.py
Symlinking /home/xingxun/uav_control/devel/lib/python3/dist-packages/quadrotor_msgs/msg/_SwarmCommand.py
Symlinking /home/xingxun/uav_control/devel/include/quadrotor_msgs/Px4ctrlDebug.h
Symlinking /home/xingxun/uav_control/devel/include/quadrotor_msgs/StatusData.h
Symlinking /home/xingxun/uav_control/devel/include/quadrotor_msgs/ReplanCheck.h
Symlinking /home/xingxun/uav_control/devel/include/quadrotor_msgs/GoalSet.h
Symlinking /home/xingxun/uav_control/devel/include/quadrotor_msgs/SwarmCommand.h
Symlinking /home/xingxun/uav_control/devel/include/quadrotor_msgs/Corrections.h
Symlinking /home/xingxun/uav_control/devel/include/quadrotor_msgs/OutputData.h
Symlinking /home/xingxun/uav_control/devel/include/quadrotor_msgs/PositionCommand.h
Symlinking /home/xingxun/uav_control/devel/include/quadrotor_msgs/Gains.h
Symlinking /home/xingxun/uav_control/devel/include/quadrotor_msgs/TrajectoryMatrix.h
Symlinking /home/xingxun/uav_control/devel/include/quadrotor_msgs/OptimalTimeAllocator.h
Symlinking /home/xingxun/uav_control/devel/include/quadrotor_msgs/SO3Command.h
Symlinking /home/xingxun/uav_control/devel/include/quadrotor_msgs/AuxCommand.h
Symlinking /home/xingxun/uav_control/devel/include/quadrotor_msgs/SwarmInfo.h
Symlinking /home/xingxun/uav_control/devel/include/quadrotor_msgs/SpatialTemporalTrajectory.h
Symlinking /home/xingxun/uav_control/devel/include/quadrotor_msgs/TakeoffLand.h
Symlinking /home/xingxun/uav_control/devel/include/quadrotor_msgs/SwarmOdometry.h
Symlinking /home/xingxun/uav_control/devel/include/quadrotor_msgs/Replan.h
Symlinking /home/xingxun/uav_control/devel/include/quadrotor_msgs/Serial.h
Symlinking /home/xingxun/uav_control/devel/include/quadrotor_msgs/TRPYCommand.h
Symlinking /home/xingxun/uav_control/devel/include/quadrotor_msgs/Bspline.h
Symlinking /home/xingxun/uav_control/devel/include/quadrotor_msgs/PPROutputData.h
Symlinking /home/xingxun/uav_control/devel/include/quadrotor_msgs/PolynomialTrajectory.h
Symlinking /home/xingxun/uav_control/devel/include/quadrotor_msgs/Odometry.h
